<?xml version="1.0" encoding="UTF-8"?>
<!-- Generated by org.testng.reporters.JUnitReportReporter -->
<testsuite hostname="DESKTOP-N61B0N0" failures="0" tests="1" name="project1.Class2_test" time="76.018" errors="0" timestamp="2023-11-29T16:18:39 IST" skipped="0">
  <testcase classname="project1.Class2_test" name="data" time="76.018"/>
  <system-out/>
</testsuite> <!-- project1.Class2_test -->
